# JRE version: OpenJDK Runtime Environment (8.0_112-b06) (build 1.8.0_112-release-b06)
# Java VM: OpenJDK 64-Bit Server VM (25.112-b06 mixed mode bsd-amd64 compressed oops)
Heap:
 PSYoungGen      total 34816K, used 17068K [0x00000007a0000000, 0x00000007a2c80000, 0x00000007c0000000)
  eden space 24064K, 63% used [0x00000007a0000000,0x00000007a0ee99c8,0x00000007a1780000)
  from space 10752K, 16% used [0x00000007a2200000,0x00000007a23c17d0,0x00000007a2c80000)
  to   space 10752K, 0% used [0x00000007a1780000,0x00000007a1780000,0x00000007a2200000)
 ParOldGen       total 51200K, used 32237K [0x0000000760000000, 0x0000000763200000, 0x00000007a0000000)
  object space 51200K, 62% used [0x0000000760000000,0x0000000761f7b730,0x0000000763200000)
 Metaspace       used 53906K, capacity 55610K, committed 55936K, reserved 1097728K
  class space    used 7268K, capacity 7719K, committed 7808K, reserved 1048576K
GC Heap History (10 events):
Event: 221.808 GC heap before
{Heap before GC invocations=20 (full 2):
 PSYoungGen      total 30720K, used 30501K [0x00000007a0000000, 0x00000007a2e80000, 0x00000007c0000000)
  eden space 26112K, 100% used [0x00000007a0000000,0x00000007a1980000,0x00000007a1980000)
  from space 4608K, 95% used [0x00000007a1a00000,0x00000007a1e49670,0x00000007a1e80000)
  to   space 10752K, 0% used [0x00000007a2400000,0x00000007a2400000,0x00000007a2e80000)
 ParOldGen       total 51200K, used 20917K [0x0000000760000000, 0x0000000763200000, 0x00000007a0000000)
  object space 51200K, 40% used [0x0000000760000000,0x000000076146d6f0,0x0000000763200000)
 Metaspace       used 47746K, capacity 49092K, committed 49280K, reserved 1091584K
  class space    used 6393K, capacity 6720K, committed 6784K, reserved 1048576K
Event: 221.826 GC heap after
Heap after GC invocations=20 (full 2):
 PSYoungGen      total 34816K, used 5264K [0x00000007a0000000, 0x00000007a2d00000, 0x00000007c0000000)
  eden space 25600K, 0% used [0x00000007a0000000,0x00000007a0000000,0x00000007a1900000)
  from space 9216K, 57% used [0x00000007a2400000,0x00000007a2924268,0x00000007a2d00000)
  to   space 10240K, 0% used [0x00000007a1900000,0x00000007a1900000,0x00000007a2300000)
 ParOldGen       total 51200K, used 22367K [0x0000000760000000, 0x0000000763200000, 0x00000007a0000000)
  object space 51200K, 43% used [0x0000000760000000,0x00000007615d7fe0,0x0000000763200000)
 Metaspace       used 47746K, capacity 49092K, committed 49280K, reserved 1091584K
  class space    used 6393K, capacity 6720K, committed 6784K, reserved 1048576K
}
Event: 231.541 GC heap before
{Heap before GC invocations=21 (full 2):
 PSYoungGen      total 34816K, used 30864K [0x00000007a0000000, 0x00000007a2d00000, 0x00000007c0000000)
  eden space 25600K, 100% used [0x00000007a0000000,0x00000007a1900000,0x00000007a1900000)
  from space 9216K, 57% used [0x00000007a2400000,0x00000007a2924268,0x00000007a2d00000)
  to   space 10240K, 0% used [0x00000007a1900000,0x00000007a1900000,0x00000007a2300000)
 ParOldGen       total 51200K, used 22367K [0x0000000760000000, 0x0000000763200000, 0x00000007a0000000)
  object space 51200K, 43% used [0x0000000760000000,0x00000007615d7fe0,0x0000000763200000)
 Metaspace       used 48845K, capacity 50440K, committed 50688K, reserved 1093632K
  class space    used 6553K, capacity 6898K, committed 6912K, reserved 1048576K
Event: 231.554 GC heap after
Heap after GC invocations=21 (full 2):
 PSYoungGen      total 35328K, used 2773K [0x00000007a0000000, 0x00000007a2d80000, 0x00000007c0000000)
  eden space 25088K, 0% used [0x00000007a0000000,0x00000007a0000000,0x00000007a1880000)
  from space 10240K, 27% used [0x00000007a1900000,0x00000007a1bb57b8,0x00000007a2300000)
  to   space 10752K, 0% used [0x00000007a2300000,0x00000007a2300000,0x00000007a2d80000)
 ParOldGen       total 51200K, used 26614K [0x0000000760000000, 0x0000000763200000, 0x00000007a0000000)
  object space 51200K, 51% used [0x0000000760000000,0x00000007619fd820,0x0000000763200000)
 Metaspace       used 48845K, capacity 50440K, committed 50688K, reserved 1093632K
  class space    used 6553K, capacity 6898K, committed 6912K, reserved 1048576K
}
Event: 234.123 GC heap before
{Heap before GC invocations=22 (full 2):
 PSYoungGen      total 35328K, used 27861K [0x00000007a0000000, 0x00000007a2d80000, 0x00000007c0000000)
  eden space 25088K, 100% used [0x00000007a0000000,0x00000007a1880000,0x00000007a1880000)
  from space 10240K, 27% used [0x00000007a1900000,0x00000007a1bb57b8,0x00000007a2300000)
  to   space 10752K, 0% used [0x00000007a2300000,0x00000007a2300000,0x00000007a2d80000)
 ParOldGen       total 51200K, used 26614K [0x0000000760000000, 0x0000000763200000, 0x00000007a0000000)
  object space 51200K, 51% used [0x0000000760000000,0x00000007619fd820,0x0000000763200000)
 Metaspace       used 49862K, capacity 51482K, committed 51712K, reserved 1093632K
  class space    used 6710K, capacity 7093K, committed 7168K, reserved 1048576K
Event: 234.136 GC heap after
Heap after GC invocations=22 (full 2):
 PSYoungGen      total 34816K, used 2805K [0x00000007a0000000, 0x00000007a2d00000, 0x00000007c0000000)
  eden space 24576K, 0% used [0x00000007a0000000,0x00000007a0000000,0x00000007a1800000)
  from space 10240K, 27% used [0x00000007a2300000,0x00000007a25bd720,0x00000007a2d00000)
  to   space 10752K, 0% used [0x00000007a1800000,0x00000007a1800000,0x00000007a2280000)
 ParOldGen       total 51200K, used 28742K [0x0000000760000000, 0x0000000763200000, 0x00000007a0000000)
  object space 51200K, 56% used [0x0000000760000000,0x0000000761c11820,0x0000000763200000)
 Metaspace       used 49862K, capacity 51482K, committed 51712K, reserved 1093632K
  class space    used 6710K, capacity 7093K, committed 7168K, reserved 1048576K
}
Event: 256.531 GC heap before
{Heap before GC invocations=23 (full 2):
 PSYoungGen      total 34816K, used 27381K [0x00000007a0000000, 0x00000007a2d00000, 0x00000007c0000000)
  eden space 24576K, 100% used [0x00000007a0000000,0x00000007a1800000,0x00000007a1800000)
  from space 10240K, 27% used [0x00000007a2300000,0x00000007a25bd720,0x00000007a2d00000)
  to   space 10752K, 0% used [0x00000007a1800000,0x00000007a1800000,0x00000007a2280000)
 ParOldGen       total 51200K, used 28742K [0x0000000760000000, 0x0000000763200000, 0x00000007a0000000)
  object space 51200K, 56% used [0x0000000760000000,0x0000000761c11820,0x0000000763200000)
 Metaspace       used 52264K, capacity 53924K, committed 54144K, reserved 1095680K
  class space    used 7058K, capacity 7457K, committed 7552K, reserved 1048576K
Event: 256.593 GC heap after
Heap after GC invocations=23 (full 2):
 PSYoungGen      total 27136K, used 2848K [0x00000007a0000000, 0x00000007a2c80000, 0x00000007c0000000)
  eden space 24064K, 0% used [0x00000007a0000000,0x00000007a0000000,0x00000007a1780000)
  from space 3072K, 92% used [0x00000007a1800000,0x00000007a1ac8000,0x00000007a1b00000)
  to   space 10752K, 0% used [0x00000007a2200000,0x00000007a2200000,0x00000007a2c80000)
 ParOldGen       total 51200K, used 30718K [0x0000000760000000, 0x0000000763200000, 0x00000007a0000000)
  object space 51200K, 59% used [0x0000000760000000,0x0000000761dff820,0x0000000763200000)
 Metaspace       used 52264K, capacity 53924K, committed 54144K, reserved 1095680K
  class space    used 7058K, capacity 7457K, committed 7552K, reserved 1048576K
}
Event: 262.279 GC heap before
{Heap before GC invocations=24 (full 2):
 PSYoungGen      total 27136K, used 26912K [0x00000007a0000000, 0x00000007a2c80000, 0x00000007c0000000)
  eden space 24064K, 100% used [0x00000007a0000000,0x00000007a1780000,0x00000007a1780000)
  from space 3072K, 92% used [0x00000007a1800000,0x00000007a1ac8000,0x00000007a1b00000)
  to   space 10752K, 0% used [0x00000007a2200000,0x00000007a2200000,0x00000007a2c80000)
 ParOldGen       total 51200K, used 30718K [0x0000000760000000, 0x0000000763200000, 0x00000007a0000000)
  object space 51200K, 59% used [0x0000000760000000,0x0000000761dff820,0x0000000763200000)
 Metaspace       used 52915K, capacity 54604K, committed 54784K, reserved 1095680K
  class space    used 7118K, capacity 7555K, committed 7680K, reserved 1048576K
Event: 262.290 GC heap after
Heap after GC invocations=24 (full 2):
 PSYoungGen      total 34816K, used 1797K [0x00000007a0000000, 0x00000007a2c80000, 0x00000007c0000000)
  eden space 24064K, 0% used [0x00000007a0000000,0x00000007a0000000,0x00000007a1780000)
  from space 10752K, 16% used [0x00000007a2200000,0x00000007a23c17d0,0x00000007a2c80000)
  to   space 10752K, 0% used [0x00000007a1780000,0x00000007a1780000,0x00000007a2200000)
 ParOldGen       total 51200K, used 32237K [0x0000000760000000, 0x0000000763200000, 0x00000007a0000000)
  object space 51200K, 62% used [0x0000000760000000,0x0000000761f7b730,0x0000000763200000)
 Metaspace       used 52915K, capacity 54604K, committed 54784K, reserved 1095680K
  class space    used 7118K, capacity 7555K, committed 7680K, reserved 1048576K
}

